<?xml version="1.0" encoding="UTF-8"?>
<!-- Generated by org.testng.reporters.JUnitReportReporter -->
<testsuite hostname="LAPTOP-A5IMFISJ" failures="0" tests="1" name="JavaStreams1" time="0.017" errors="0" timestamp="2024-05-31T00:04:01 IST" skipped="0">
  <testcase classname="JavaStreams1" name="streamCollect" time="0.017"/>
</testsuite> <!-- JavaStreams1 -->
